<?xml version="1.0" encoding="UTF-8"?>
<Site BuildName="Win32-MSBuild"
	BuildStamp="20251015-0141-Experimental"
	Name="SkytechBT"
	Generator="ctest-3.30.1"
	CompilerName="C:/Program Files/Microsoft Visual Studio/2022/Community/VC/Tools/MSVC/14.40.33807/bin/Hostx64/x64/cl.exe"
	CompilerVersion="19.40.33812.0"
	OSName="Windows"
	Hostname="SkytechBT"
	OSRelease=" Personal"
	OSVersion=" (Build 22631)"
	OSPlatform="AMD64"
	Is64Bits="1"
	VendorString="AuthenticAMD"
	VendorID="Advanced Micro Devices"
	FamilyID="15"
	ModelID="0"
	ProcessorCacheSize="64"
	NumberOfLogicalCPU="12"
	NumberOfPhysicalCPU="6"
	TotalVirtualMemory="29569"
	TotalPhysicalMemory="16257"
	LogicalProcessorsPerPhysical="2"
	ProcessorClockFrequency="3892"
	>
	<Testing>
		<StartDateTime>Oct 14 21:41 Eastern Daylight Time</StartDateTime>
		<StartTestTime>1760492474</StartTestTime>
		<TestList/>
		<EndDateTime>Oct 14 21:41 Eastern Daylight Time</EndDateTime>
		<EndTestTime>1760492474</EndTestTime>
		<ElapsedMinutes>0</ElapsedMinutes>
	</Testing>
</Site>
